
Feb 02, 2022 09:28:26.119 NEW SESSION
Feb 02, 2022 09:28:26.119 [17672:9036:0202/092826.112:ERROR:edge_auth_errors.cc(402)] EDGE_IDENTITY: Get Default OS Account failed: Error: Primary Error: kImplicitSignInFailure, Secondary Error: kAccountProviderFetchError, Platform error: 0, Error string: 
Feb 02, 2022 09:28:26.121 
Feb 02, 2022 09:28:29.655 [17672:9036:0202/092829.653:ERROR:device_event_log_impl.cc(214)] [09:28:29.654] USB: usb_device_handle_win.cc:1050 Failed to read descriptor from node connection: A device attached to the system is not functioning. (0x1F)
Feb 02, 2022 09:28:29.657 [17672:9036:0202/092829.654:ERROR:device_event_log_impl.cc(214)] [09:28:29.654] USB: usb_device_handle_win.cc:1050 Failed to read descriptor from node connection: A device attached to the system is not functioning. (0x1F)
Feb 02, 2022 09:28:29.850 [17672:12752:0202/092829.848:ERROR:chrome_browser_main_extra_parts_metrics.cc(251)] START: GetDefaultBrowser(). If you don't see the END: message, this is crbug.com/1216328.
Feb 02, 2022 09:28:29.859 [17672:12752:0202/092829.858:ERROR:chrome_browser_main_extra_parts_metrics.cc(255)] END: GetDefaultBrowser()
Feb 02, 2022 09:33:08.667 [17672:9036:0202/093308.665:ERROR:device_event_log_impl.cc(214)] [09:33:08.665] USB: usb_service_win.cc:261 Failed to get device driver name: Element not found. (0x490)
Feb 02, 2022 09:43:32.864 [17672:9036:0202/094332.863:ERROR:fallback_task_provider.cc(123)] Every renderer should have at least one task provided by a primary task provider. If a "Renderer" fallback task is shown, it is a bug. If you have repro steps, please file a new bug and tag it as a dependency of crbug.com/739782.
Feb 02, 2022 09:43:50.63 [17672:9036:0202/094350.062:ERROR:fallback_task_provider.cc(123)] Every renderer should have at least one task provided by a primary task provider. If a "Renderer" fallback task is shown, it is a bug. If you have repro steps, please file a new bug and tag it as a dependency of crbug.com/739782.
Feb 02, 2022 09:57:32.767 [17672:9036:0202/095732.767:ERROR:fallback_task_provider.cc(123)] Every renderer should have at least one task provided by a primary task provider. If a "Renderer" fallback task is shown, it is a bug. If you have repro steps, please file a new bug and tag it as a dependency of crbug.com/739782.
Feb 02, 2022 09:58:00.735 [17672:9036:0202/095800.735:ERROR:fallback_task_provider.cc(123)] Every renderer should have at least one task provided by a primary task provider. If a "Renderer" fallback task is shown, it is a bug. If you have repro steps, please file a new bug and tag it as a dependency of crbug.com/739782.
Feb 02, 2022 12:02:02.898 [17672:9036:0202/120202.889:ERROR:fallback_task_provider.cc(123)] Every renderer should have at least one task provided by a primary task provider. If a "Renderer" fallback task is shown, it is a bug. If you have repro steps, please file a new bug and tag it as a dependency of crbug.com/739782.
Feb 02, 2022 12:21:22.964 [17672:9036:0202/122122.960:ERROR:fallback_task_provider.cc(123)] Every renderer should have at least one task provided by a primary task provider. If a "Renderer" fallback task is shown, it is a bug. If you have repro steps, please file a new bug and tag it as a dependency of crbug.com/739782.
Feb 02, 2022 12:29:42.294 [17672:9036:0202/122942.287:ERROR:fallback_task_provider.cc(123)] Every renderer should have at least one task provided by a primary task provider. If a "Renderer" fallback task is shown, it is a bug. If you have repro steps, please file a new bug and tag it as a dependency of crbug.com/739782.
Feb 02, 2022 12:29:42.458 [17672:9036:0202/122942.451:ERROR:fallback_task_provider.cc(123)] Every renderer should have at least one task provided by a primary task provider. If a "Renderer" fallback task is shown, it is a bug. If you have repro steps, please file a new bug and tag it as a dependency of crbug.com/739782.
Feb 02, 2022 12:30:24.990 [17672:9036:0202/123024.983:ERROR:fallback_task_provider.cc(123)] Every renderer should have at least one task provided by a primary task provider. If a "Renderer" fallback task is shown, it is a bug. If you have repro steps, please file a new bug and tag it as a dependency of crbug.com/739782.
Feb 02, 2022 12:30:51.951 [17672:9036:0202/123051.949:ERROR:fallback_task_provider.cc(123)] Every renderer should have at least one task provided by a primary task provider. If a "Renderer" fallback task is shown, it is a bug. If you have repro steps, please file a new bug and tag it as a dependency of crbug.com/739782.

Feb 03, 2022 13:02:52.136 NEW SESSION
Feb 03, 2022 13:02:52.137 [7356:9180:0203/130252.121:ERROR:edge_auth_errors.cc(402)] EDGE_IDENTITY: Get Default OS Account failed: Error: Primary Error: kImplicitSignInFailure, Secondary Error: kAccountProviderFetchError, Platform error: 0, Error string: 
Feb 03, 2022 13:02:52.147 
Feb 03, 2022 13:02:56.655 [7356:9180:0203/130256.650:ERROR:device_event_log_impl.cc(214)] [13:02:56.651] USB: usb_device_handle_win.cc:1050 Failed to read descriptor from node connection: A device attached to the system is not functioning. (0x1F)
Feb 03, 2022 13:02:56.661 [7356:9180:0203/130256.652:ERROR:device_event_log_impl.cc(214)] [13:02:56.653] USB: usb_device_handle_win.cc:1050 Failed to read descriptor from node connection: A device attached to the system is not functioning. (0x1F)
Feb 03, 2022 13:02:58.411 [7356:9180:0203/130258.406:ERROR:fallback_task_provider.cc(123)] Every renderer should have at least one task provided by a primary task provider. If a "Renderer" fallback task is shown, it is a bug. If you have repro steps, please file a new bug and tag it as a dependency of crbug.com/739782.
Feb 03, 2022 13:02:59.581 [7356:14752:0203/130259.575:ERROR:chrome_browser_main_extra_parts_metrics.cc(251)] START: GetDefaultBrowser(). If you don't see the END: message, this is crbug.com/1216328.
Feb 03, 2022 13:02:59.641 [7356:14752:0203/130259.636:ERROR:chrome_browser_main_extra_parts_metrics.cc(255)] END: GetDefaultBrowser()
Feb 03, 2022 13:03:24.610 [7356:9180:0203/130324.601:ERROR:fallback_task_provider.cc(123)] Every renderer should have at least one task provided by a primary task provider. If a "Renderer" fallback task is shown, it is a bug. If you have repro steps, please file a new bug and tag it as a dependency of crbug.com/739782.
Feb 03, 2022 13:04:06.578 [7356:9180:0203/130406.575:ERROR:fallback_task_provider.cc(123)] Every renderer should have at least one task provided by a primary task provider. If a "Renderer" fallback task is shown, it is a bug. If you have repro steps, please file a new bug and tag it as a dependency of crbug.com/739782.
Feb 03, 2022 13:04:06.713 [7356:9180:0203/130406.710:ERROR:fallback_task_provider.cc(123)] Every renderer should have at least one task provided by a primary task provider. If a "Renderer" fallback task is shown, it is a bug. If you have repro steps, please file a new bug and tag it as a dependency of crbug.com/739782.
